<?xml version="1.0" encoding="UTF-8"?>
<!-- Generated by org.testng.reporters.JUnitXMLReporter -->
<testsuite ignored="0" hostname="LAPTOP-VPOTLM74" failures="0" tests="6" name="FirefoxTest" time="52.522" errors="0" timestamp="2023-02-07T01:21:18 IST">
  <testcase classname="TestNGTest.DemoTestNGClass" name="@BeforeMethod LoggedInAndSpotifyHomePageOpen" time="11.656">
    <failure type="org.openqa.selenium.NoSuchElementException" message="Unable to locate element: //span[text()=&amp;apos;Log in&amp;apos;]
For documentation on this error, please visit: https://www.seleniumhq.org/exceptions/no_such_element.html
Build info: version: &amp;apos;3.141.59&amp;apos;, revision: &amp;apos;e82be7d358&amp;apos;, time: &amp;apos;2018-11-14T08:17:03&amp;apos;
System info: host: &amp;apos;LAPTOP-VPOTLM74&amp;apos;, ip: &amp;apos;192.168.100.228&amp;apos;, os.name: &amp;apos;Windows 11&amp;apos;, os.arch: &amp;apos;amd64&amp;apos;, os.version: &amp;apos;10.0&amp;apos;, java.version: &amp;apos;18.0.2&amp;apos;
Driver info: org.openqa.selenium.firefox.FirefoxDriver
Capabilities {acceptInsecureCerts: true, browserName: firefox, browserVersion: 109.0.1, javascriptEnabled: true, moz:accessibilityChecks: false, moz:buildID: 20230127170202, moz:geckodriverVersion: 0.32.1, moz:headless: false, moz:platformVersion: 10.0, moz:processID: 6504, moz:profile: C:\Users\vaibu\AppData\Loca..., moz:shutdownTimeout: 60000, moz:useNonSpecCompliantPointerOrigin: false, moz:webdriverClick: true, moz:windowless: false, pageLoadStrategy: normal, platform: WINDOWS, platformName: WINDOWS, proxy: Proxy(), setWindowRect: true, strictFileInteractability: false, timeouts: {implicit: 0, pageLoad: 300000, script: 30000}, unhandledPromptBehavior: dismiss and notify}
Session ID: 29fc42ff-cf28-4bf4-bdff-6817f4beb094
*** Element info: {Using=xpath, value=//span[text()=&amp;apos;Log in&amp;apos;]}">
      <![CDATA[org.openqa.selenium.NoSuchElementException: Unable to locate element: //span[text()='Log in']
For documentation on this error, please visit: https://www.seleniumhq.org/exceptions/no_such_element.html
Build info: version: '3.141.59', revision: 'e82be7d358', time: '2018-11-14T08:17:03'
System info: host: 'LAPTOP-VPOTLM74', ip: '192.168.100.228', os.name: 'Windows 11', os.arch: 'amd64', os.version: '10.0', java.version: '18.0.2'
Driver info: org.openqa.selenium.firefox.FirefoxDriver
Capabilities {acceptInsecureCerts: true, browserName: firefox, browserVersion: 109.0.1, javascriptEnabled: true, moz:accessibilityChecks: false, moz:buildID: 20230127170202, moz:geckodriverVersion: 0.32.1, moz:headless: false, moz:platformVersion: 10.0, moz:processID: 6504, moz:profile: C:\Users\vaibu\AppData\Loca..., moz:shutdownTimeout: 60000, moz:useNonSpecCompliantPointerOrigin: false, moz:webdriverClick: true, moz:windowless: false, pageLoadStrategy: normal, platform: WINDOWS, platformName: WINDOWS, proxy: Proxy(), setWindowRect: true, strictFileInteractability: false, timeouts: {implicit: 0, pageLoad: 300000, script: 30000}, unhandledPromptBehavior: dismiss and notify}
Session ID: 29fc42ff-cf28-4bf4-bdff-6817f4beb094
*** Element info: {Using=xpath, value=//span[text()='Log in']}
at org.openqa.selenium.remote.http.W3CHttpResponseCodec.createException(W3CHttpResponseCodec.java:187)
at org.openqa.selenium.remote.http.W3CHttpResponseCodec.decode(W3CHttpResponseCodec.java:122)
at org.openqa.selenium.remote.http.W3CHttpResponseCodec.decode(W3CHttpResponseCodec.java:49)
at org.openqa.selenium.remote.HttpCommandExecutor.execute(HttpCommandExecutor.java:158)
at org.openqa.selenium.remote.service.DriverCommandExecutor.execute(DriverCommandExecutor.java:83)
at org.openqa.selenium.remote.RemoteWebDriver.execute(RemoteWebDriver.java:552)
at org.openqa.selenium.remote.RemoteWebDriver.findElement(RemoteWebDriver.java:323)
at org.openqa.selenium.remote.RemoteWebDriver.findElementByXPath(RemoteWebDriver.java:428)
at org.openqa.selenium.By$ByXPath.findElement(By.java:353)
at org.openqa.selenium.remote.RemoteWebDriver.findElement(RemoteWebDriver.java:315)
at org.openqa.selenium.support.pagefactory.DefaultElementLocator.findElement(DefaultElementLocator.java:69)
at org.openqa.selenium.support.pagefactory.internal.LocatingElementHandler.invoke(LocatingElementHandler.java:38)
at jdk.proxy2/jdk.proxy2.$Proxy17.click(Unknown Source)
at pomClasses.HomePage.ClickOnLoginButton(HomePage.java:55)
at TestNGTest.DemoTestNGClass.LoggedInAndSpotifyHomePageOpen(DemoTestNGClass.java:66)
at java.base/java.util.concurrent.ThreadPoolExecutor.runWorker(ThreadPoolExecutor.java:1136)
at java.base/java.util.concurrent.ThreadPoolExecutor$Worker.run(ThreadPoolExecutor.java:635)
at java.base/java.lang.Thread.run(Thread.java:833)
... Removed 17 stack frames]]>
    </failure>
  </testcase> <!-- @BeforeMethod LoggedInAndSpotifyHomePageOpen -->
  <testcase classname="TestNGTest.DemoTestNGClass" name="@AfterMethod LogOutMethod" time="-1.675713068342E9">
    <skipped/>
  </testcase> <!-- @AfterMethod LogOutMethod -->
  <testcase classname="TestNGTest.DemoTestNGClass" name="@BeforeMethod LoggedInAndSpotifyHomePageOpen" time="-1.675713068344E9">
    <skipped/>
  </testcase> <!-- @BeforeMethod LoggedInAndSpotifyHomePageOpen -->
  <testcase classname="TestNGTest.DemoTestNGClass" name="@AfterMethod LogOutMethod" time="-1.675713068351E9">
    <skipped/>
  </testcase> <!-- @AfterMethod LogOutMethod -->
  <testcase classname="TestNGTest.DemoTestNGClass" name="@AfterClass clearPOMObjects" time="-1.675713068352E9">
    <skipped/>
  </testcase> <!-- @AfterClass clearPOMObjects -->
  <testcase classname="TestNGTest.TestNGClass" name="@BeforeMethod LoggedInAndSpotifyHomePageOpen" time="12.436">
    <failure type="org.openqa.selenium.NoSuchElementException" message="Unable to locate element: //span[text()=&amp;apos;Log in&amp;apos;]
For documentation on this error, please visit: https://www.seleniumhq.org/exceptions/no_such_element.html
Build info: version: &amp;apos;3.141.59&amp;apos;, revision: &amp;apos;e82be7d358&amp;apos;, time: &amp;apos;2018-11-14T08:17:03&amp;apos;
System info: host: &amp;apos;LAPTOP-VPOTLM74&amp;apos;, ip: &amp;apos;192.168.100.228&amp;apos;, os.name: &amp;apos;Windows 11&amp;apos;, os.arch: &amp;apos;amd64&amp;apos;, os.version: &amp;apos;10.0&amp;apos;, java.version: &amp;apos;18.0.2&amp;apos;
Driver info: org.openqa.selenium.firefox.FirefoxDriver
Capabilities {acceptInsecureCerts: true, browserName: firefox, browserVersion: 109.0.1, javascriptEnabled: true, moz:accessibilityChecks: false, moz:buildID: 20230127170202, moz:geckodriverVersion: 0.32.1, moz:headless: false, moz:platformVersion: 10.0, moz:processID: 11776, moz:profile: C:\Users\vaibu\AppData\Loca..., moz:shutdownTimeout: 60000, moz:useNonSpecCompliantPointerOrigin: false, moz:webdriverClick: true, moz:windowless: false, pageLoadStrategy: normal, platform: WINDOWS, platformName: WINDOWS, proxy: Proxy(), setWindowRect: true, strictFileInteractability: false, timeouts: {implicit: 0, pageLoad: 300000, script: 30000}, unhandledPromptBehavior: dismiss and notify}
Session ID: e727b5e0-2da9-4fc4-9e5b-1612b051d6ff
*** Element info: {Using=xpath, value=//span[text()=&amp;apos;Log in&amp;apos;]}">
      <![CDATA[org.openqa.selenium.NoSuchElementException: Unable to locate element: //span[text()='Log in']
For documentation on this error, please visit: https://www.seleniumhq.org/exceptions/no_such_element.html
Build info: version: '3.141.59', revision: 'e82be7d358', time: '2018-11-14T08:17:03'
System info: host: 'LAPTOP-VPOTLM74', ip: '192.168.100.228', os.name: 'Windows 11', os.arch: 'amd64', os.version: '10.0', java.version: '18.0.2'
Driver info: org.openqa.selenium.firefox.FirefoxDriver
Capabilities {acceptInsecureCerts: true, browserName: firefox, browserVersion: 109.0.1, javascriptEnabled: true, moz:accessibilityChecks: false, moz:buildID: 20230127170202, moz:geckodriverVersion: 0.32.1, moz:headless: false, moz:platformVersion: 10.0, moz:processID: 11776, moz:profile: C:\Users\vaibu\AppData\Loca..., moz:shutdownTimeout: 60000, moz:useNonSpecCompliantPointerOrigin: false, moz:webdriverClick: true, moz:windowless: false, pageLoadStrategy: normal, platform: WINDOWS, platformName: WINDOWS, proxy: Proxy(), setWindowRect: true, strictFileInteractability: false, timeouts: {implicit: 0, pageLoad: 300000, script: 30000}, unhandledPromptBehavior: dismiss and notify}
Session ID: e727b5e0-2da9-4fc4-9e5b-1612b051d6ff
*** Element info: {Using=xpath, value=//span[text()='Log in']}
at org.openqa.selenium.remote.http.W3CHttpResponseCodec.createException(W3CHttpResponseCodec.java:187)
at org.openqa.selenium.remote.http.W3CHttpResponseCodec.decode(W3CHttpResponseCodec.java:122)
at org.openqa.selenium.remote.http.W3CHttpResponseCodec.decode(W3CHttpResponseCodec.java:49)
at org.openqa.selenium.remote.HttpCommandExecutor.execute(HttpCommandExecutor.java:158)
at org.openqa.selenium.remote.service.DriverCommandExecutor.execute(DriverCommandExecutor.java:83)
at org.openqa.selenium.remote.RemoteWebDriver.execute(RemoteWebDriver.java:552)
at org.openqa.selenium.remote.RemoteWebDriver.findElement(RemoteWebDriver.java:323)
at org.openqa.selenium.remote.RemoteWebDriver.findElementByXPath(RemoteWebDriver.java:428)
at org.openqa.selenium.By$ByXPath.findElement(By.java:353)
at org.openqa.selenium.remote.RemoteWebDriver.findElement(RemoteWebDriver.java:315)
at org.openqa.selenium.support.pagefactory.DefaultElementLocator.findElement(DefaultElementLocator.java:69)
at org.openqa.selenium.support.pagefactory.internal.LocatingElementHandler.invoke(LocatingElementHandler.java:38)
at jdk.proxy2/jdk.proxy2.$Proxy17.click(Unknown Source)
at pomClasses.HomePage.ClickOnLoginButton(HomePage.java:55)
at TestNGTest.TestNGClass.LoggedInAndSpotifyHomePageOpen(TestNGClass.java:66)
at java.base/java.util.concurrent.ThreadPoolExecutor.runWorker(ThreadPoolExecutor.java:1136)
at java.base/java.util.concurrent.ThreadPoolExecutor$Worker.run(ThreadPoolExecutor.java:635)
at java.base/java.lang.Thread.run(Thread.java:833)
... Removed 17 stack frames]]>
    </failure>
  </testcase> <!-- @BeforeMethod LoggedInAndSpotifyHomePageOpen -->
  <testcase classname="TestNGTest.TestNGClass" name="@AfterMethod LogOutMethod" time="-1.675713078489E9">
    <skipped/>
  </testcase> <!-- @AfterMethod LogOutMethod -->
  <testcase classname="TestNGTest.TestNGClass" name="@BeforeMethod LoggedInAndSpotifyHomePageOpen" time="-1.675713078492E9">
    <skipped/>
  </testcase> <!-- @BeforeMethod LoggedInAndSpotifyHomePageOpen -->
  <testcase classname="TestNGTest.TestNGClass" name="@AfterMethod LogOutMethod" time="-1.675713078498E9">
    <skipped/>
  </testcase> <!-- @AfterMethod LogOutMethod -->
  <testcase classname="TestNGTest.TestNGClass" name="@AfterClass clearPOMObjects" time="-1.675713078499E9">
    <skipped/>
  </testcase> <!-- @AfterClass clearPOMObjects -->
  <testcase classname="TestNGTest.DemoTestNGClass" name="@AfterTest QuitBrowser" time="-1.6757130785E9">
    <skipped/>
  </testcase> <!-- @AfterTest QuitBrowser -->
  <testcase classname="TestNGTest.TestNGClass" name="@AfterTest QuitBrowser" time="-1.675713078502E9">
    <skipped/>
  </testcase> <!-- @AfterTest QuitBrowser -->
  <testcase classname="TestNGTest.DemoTestNGClass" name="CreatePlayList" time="15.524"/>
  <testcase classname="TestNGTest.TestNGClass" name="CreatePlayList" time="20.508"/>
  <testcase classname="TestNGTest.DemoTestNGClass" name="ListenSong" time="0.0">
    <skipped/>
  </testcase> <!-- ListenSong -->
  <testcase classname="TestNGTest.DemoTestNGClass" name="NotificationOnOF" time="0.0">
    <skipped/>
  </testcase> <!-- NotificationOnOF -->
  <testcase classname="TestNGTest.TestNGClass" name="ListenSong" time="0.0">
    <skipped/>
  </testcase> <!-- ListenSong -->
  <testcase classname="TestNGTest.TestNGClass" name="NotificationOnOF" time="0.0">
    <skipped/>
  </testcase> <!-- NotificationOnOF -->
</testsuite> <!-- FirefoxTest -->
